Arguments: 
  C:\Program Files\nodejs\node.exe C:\Users\manuh\AppData\Roaming\npm\node_modules\yarn\bin\yarn.js install

PATH: 
  C:\cmder\bin;C:\cmder\vendor\conemu-maximus5\ConEmu\Scripts;C:\cmder\vendor\conemu-maximus5;C:\cmder\vendor\conemu-maximus5\ConEmu;C:\WINDOWS\system32;C:\WINDOWS;C:\WINDOWS\System32\Wbem;C:\WINDOWS\System32\WindowsPowerShell\v1.0\;C:\Program Files (x86)\Bitvise SSH Client;C:\Program Files\Git\cmd;C:\Program Files (x86)\NVIDIA Corporation\PhysX\Common;C:\WINDOWS\system32;C:\WINDOWS;C:\WINDOWS\System32\Wbem;C:\WINDOWS\System32\WindowsPowerShell\v1.0\;C:\WINDOWS\System32\OpenSSH\;C:\ProgramData\chocolatey\bin;C:\Program Files (x86)\Windows Kits\8.1\Windows Performance Toolkit\;C:\PostgreSQL\pg96\bin;C:\xampp\php;C:\ProgramData\ComposerSetup\bin;C:\Program Files\nodejs\;C:\Users\manuh\AppData\Local\Programs\Python\Python36\Scripts\;C:\Users\manuh\AppData\Local\Programs\Python\Python36\;C:\Users\manuh\AppData\Local\Microsoft\WindowsApps;C:\Program Files\Microsoft VS Code\bin;D:\Documents\Coding\Apps\flutter\bin;C:\Users\manuh\AppData\Roaming\Composer\vendor\bin;C:\Users\manuh\AppData\Roaming\npm;C:\Users\manuh\AppData\Local\Programs\Microsoft VS Code Insiders\bin;C:\Users\manuh\AppData\Local\now-cli;C:\Users\manuh\AppData\Local\Microsoft\WindowsApps;C:\Users\manuh\AppData\Local\GitHubDesktop\bin;C:\Program Files\Git\usr\bin;C:\Program Files\Git\usr\share\vim\vim74;C:\cmder\

Yarn version: 
  1.9.4

Node version: 
  8.11.3

Platform: 
  win32 x64

Trace: 
  Error: https://registry.yarnpkg.com/@fortawesome%2ffontawesome-pro: Not found
      at Request.params.callback [as _callback] (C:\Users\manuh\AppData\Roaming\npm\node_modules\yarn\lib\cli.js:64202:18)
      at Request.self.callback (C:\Users\manuh\AppData\Roaming\npm\node_modules\yarn\lib\cli.js:137468:22)
      at emitTwo (events.js:126:13)
      at Request.emit (events.js:214:7)
      at Request.<anonymous> (C:\Users\manuh\AppData\Roaming\npm\node_modules\yarn\lib\cli.js:138440:10)
      at emitOne (events.js:116:13)
      at Request.emit (events.js:211:7)
      at IncomingMessage.<anonymous> (C:\Users\manuh\AppData\Roaming\npm\node_modules\yarn\lib\cli.js:138362:12)
      at Object.onceWrapper (events.js:313:30)
      at emitNone (events.js:111:20)

npm manifest: 
  {
    "name": "fe-ssc-test",
    "version": "1.0.0",
    "main": "index.js",
    "repository": "https://git.gbhapps.com/evaluations/fe-ssc-test.git",
    "author": "Manu <manuhazen@outlook.com>",
    "license": "MIT",
    "browserslist": [
      "last 1 major version",
      "> 1%"
    ],
    "devDependencies": {
      "@babel/core": "^7.0.0-rc.1",
      "@babel/preset-env": "^7.0.0-rc.1",
      "autoprefixer": "^9.1.2",
      "babel-loader": "^8.0.0-beta.4",
      "browser-sync": "^2.24.6",
      "browser-sync-webpack-plugin": "^2.2.2",
      "clean-webpack-plugin": "^0.1.19",
      "copy-webpack-plugin": "^4.5.2",
      "css-loader": "^1.0.0",
      "cssnano": "^4.0.5",
      "file-loader": "^1.1.11",
      "html-loader": "^0.5.5",
      "html-webpack-plugin": "^3.2.0",
      "image-webpack-loader": "^4.3.1",
      "jsonminify": "^0.4.1",
      "mini-css-extract-plugin": "^0.4.1",
      "node-sass": "^4.9.3",
      "postcss-loader": "^3.0.0",
      "sass-loader": "^7.1.0",
      "webpack": "^4.16.5",
      "webpack-cli": "^3.1.0",
      "webpack-dev-server": "^3.1.5",
      "webpack-subresource-integrity": "^1.1.0-rc.4",
      "webpackbar": "^2.6.3"
    },
    "dependencies": {
      "@fortawesome/fontawesome-pro": "^5.2.0",
      "bootstrap": "^4.1.3",
      "jquery": "^3.3.1",
      "popper.js": "^1.14.4"
    },
    "scripts": {
      "dev": "webpack-dev-server --progress --hide-modules --mode development",
      "build": "webpack --progress --hide-modules --mode production"
    }
  }

yarn manifest: 
  No manifest

Lockfile: 
  No lockfile
